<?xml version="1.0" encoding="UTF-8"?>
<!-- Generated by org.testng.reporters.JUnitXMLReporter -->
<testsuite hostname="ATMECSINLT-085" ignored="6" name="Test" tests="3" failures="0" timestamp="01 Oct 2019 11:41:57 GMT" time="63.841" errors="0">
  <testcase name="footerValidate" time="25.002" classname="org.atmecs.website.testscripts.Home"/>
  <testcase name="validateBlogs" time="14.638" classname="org.atmecs.website.testscripts.Insights"/>
  <testcase name="servicesOptionCheck" time="2.134" classname="org.atmecs.website.testscripts.Services"/>
  <testcase name="@BeforeTest baseSetup" time="0.0" classname="org.atmecs.website.testbase.TestBase">
    <ignored/>
  </testcase> <!-- @BeforeTest baseSetup -->
  <testcase name="@BeforeTest baseSetup" time="0.0" classname="org.atmecs.website.testbase.TestBase">
    <ignored/>
  </testcase> <!-- @BeforeTest baseSetup -->
  <testcase name="@AfterSuite endReport" time="0.0" classname="org.atmecs.website.extentreports.Extent">
    <ignored/>
  </testcase> <!-- @AfterSuite endReport -->
  <testcase name="@AfterSuite endReport" time="0.0" classname="org.atmecs.website.extentreports.Extent">
    <ignored/>
  </testcase> <!-- @AfterSuite endReport -->
  <testcase name="@BeforeSuite startReport" time="0.0" classname="org.atmecs.website.extentreports.Extent">
    <ignored/>
  </testcase> <!-- @BeforeSuite startReport -->
  <testcase name="@BeforeSuite startReport" time="0.0" classname="org.atmecs.website.extentreports.Extent">
    <ignored/>
  </testcase> <!-- @BeforeSuite startReport -->
</testsuite> <!-- Test -->
