<?xml version="1.0" encoding="UTF-8"?>
<!-- Generated by org.testng.reporters.JUnitXMLReporter -->
<testsuite hostname="ATMECSINLT-085" ignored="4" name="Test1" tests="3" failures="3" timestamp="01 Oct 2019 09:15:43 GMT" time="1.321" errors="0">
  <testcase name="@AfterMethod tearDown" time="0.01" classname="org.atmecs.website.extentreports.Extent">
    <failure type="java.lang.NullPointerException">
      <![CDATA[java.lang.NullPointerException
at org.atmecs.website.extentreports.Extent.getScreenshot(Extent.java:38)
at org.atmecs.website.extentreports.Extent.tearDown(Extent.java:52)
at java.util.concurrent.FutureTask.run(Unknown Source)
at java.util.concurrent.ThreadPoolExecutor.runWorker(Unknown Source)
at java.util.concurrent.ThreadPoolExecutor$Worker.run(Unknown Source)
at java.lang.Thread.run(Unknown Source)
... Removed 19 stack frames]]>
    </failure>
  </testcase> <!-- @AfterMethod tearDown -->
  <testcase name="@AfterMethod tearDown" time="0.001" classname="org.atmecs.website.extentreports.Extent">
    <failure type="java.lang.NullPointerException">
      <![CDATA[java.lang.NullPointerException
at org.atmecs.website.extentreports.Extent.getScreenshot(Extent.java:38)
at org.atmecs.website.extentreports.Extent.tearDown(Extent.java:52)
at java.util.concurrent.FutureTask.run(Unknown Source)
at java.util.concurrent.ThreadPoolExecutor.runWorker(Unknown Source)
at java.util.concurrent.ThreadPoolExecutor$Worker.run(Unknown Source)
at java.lang.Thread.run(Unknown Source)
... Removed 19 stack frames]]>
    </failure>
  </testcase> <!-- @AfterMethod tearDown -->
  <testcase name="@AfterMethod tearDown" time="0.0" classname="org.atmecs.website.extentreports.Extent">
    <failure type="java.lang.NullPointerException">
      <![CDATA[java.lang.NullPointerException
at org.atmecs.website.extentreports.Extent.getScreenshot(Extent.java:38)
at org.atmecs.website.extentreports.Extent.tearDown(Extent.java:52)
at java.util.concurrent.FutureTask.run(Unknown Source)
at java.util.concurrent.ThreadPoolExecutor.runWorker(Unknown Source)
at java.util.concurrent.ThreadPoolExecutor$Worker.run(Unknown Source)
at java.lang.Thread.run(Unknown Source)
... Removed 19 stack frames]]>
    </failure>
  </testcase> <!-- @AfterMethod tearDown -->
  <testcase name="footerValidate" time="0.016" classname="org.atmecs.website.testscripts.Home">
    <failure type="java.lang.NullPointerException">
      <![CDATA[java.lang.NullPointerException
at org.atmecs.website.pages.FooterValidater.validateFooter(FooterValidater.java:14)
at org.atmecs.website.testscripts.Home.footerValidate(Home.java:34)
at java.util.concurrent.FutureTask.run(Unknown Source)
at java.util.concurrent.ThreadPoolExecutor.runWorker(Unknown Source)
at java.util.concurrent.ThreadPoolExecutor$Worker.run(Unknown Source)
at java.lang.Thread.run(Unknown Source)
... Removed 16 stack frames]]>
    </failure>
  </testcase> <!-- footerValidate -->
  <testcase name="validateBlogs" time="0.003" classname="org.atmecs.website.testscripts.Insights">
    <failure type="java.lang.NullPointerException">
      <![CDATA[java.lang.NullPointerException
at org.atmecs.website.pages.InsightsPage.validateBlogs(InsightsPage.java:18)
at org.atmecs.website.testscripts.Insights.validateBlogs(Insights.java:29)
at java.util.concurrent.FutureTask.run(Unknown Source)
at java.util.concurrent.ThreadPoolExecutor.runWorker(Unknown Source)
at java.util.concurrent.ThreadPoolExecutor$Worker.run(Unknown Source)
at java.lang.Thread.run(Unknown Source)
... Removed 16 stack frames]]>
    </failure>
  </testcase> <!-- validateBlogs -->
  <testcase name="servicesOptionCheck" time="0.047" classname="org.atmecs.website.testscripts.Services">
    <failure type="java.lang.NullPointerException">
      <![CDATA[java.lang.NullPointerException
at java.util.Objects.requireNonNull(Unknown Source)
at org.openqa.selenium.interactions.Actions.<init>(Actions.java:65)
at org.atmecs.website.helper.ActionHelper.mouseOverMethod(ActionHelper.java:192)
at org.atmecs.website.helper.ActionHelper.mouseOver(ActionHelper.java:163)
at org.atmecs.website.pages.ServicesPage.servicesOption(ServicesPage.java:18)
at org.atmecs.website.testscripts.Services.servicesOptionCheck(Services.java:28)
at java.util.concurrent.FutureTask.run(Unknown Source)
at java.util.concurrent.ThreadPoolExecutor.runWorker(Unknown Source)
at java.util.concurrent.ThreadPoolExecutor$Worker.run(Unknown Source)
at java.lang.Thread.run(Unknown Source)
... Removed 16 stack frames]]>
    </failure>
  </testcase> <!-- servicesOptionCheck -->
  <testcase name="@AfterSuite endReport" time="0.0" classname="org.atmecs.website.extentreports.Extent">
    <ignored/>
  </testcase> <!-- @AfterSuite endReport -->
  <testcase name="@AfterSuite endReport" time="0.0" classname="org.atmecs.website.extentreports.Extent">
    <ignored/>
  </testcase> <!-- @AfterSuite endReport -->
  <testcase name="@BeforeSuite startReport" time="0.0" classname="org.atmecs.website.extentreports.Extent">
    <ignored/>
  </testcase> <!-- @BeforeSuite startReport -->
  <testcase name="@BeforeSuite startReport" time="0.0" classname="org.atmecs.website.extentreports.Extent">
    <ignored/>
  </testcase> <!-- @BeforeSuite startReport -->
</testsuite> <!-- Test1 -->
